{"/Users/yagneshmodh/Documents/projects/tsc-advance-1/src/todoFilter.jsx": {"path":"/Users/yagneshmodh/Documents/projects/tsc-advance-1/src/todoFilter.jsx","statementMap":{"0":{"start":{"line":5,"column":2},"end":{"line":33,"column":4}},"1":{"start":{"line":8,"column":8},"end":{"line":30,"column":14}},"2":{"start":{"line":13,"column":27},"end":{"line":13,"column":42}},"3":{"start":{"line":20,"column":27},"end":{"line":20,"column":46}},"4":{"start":{"line":27,"column":27},"end":{"line":27,"column":48}}},"fnMap":{"0":{"name":"TodoFilter","decl":{"start":{"line":4,"column":9},"end":{"line":4,"column":19}},"loc":{"start":{"line":4,"column":22},"end":{"line":34,"column":1}},"line":4},"1":{"name":"(anonymous_1)","decl":{"start":{"line":7,"column":7},"end":{"line":7,"column":8}},"loc":{"start":{"line":8,"column":8},"end":{"line":30,"column":14}},"line":8},"2":{"name":"(anonymous_2)","decl":{"start":{"line":13,"column":21},"end":{"line":13,"column":22}},"loc":{"start":{"line":13,"column":27},"end":{"line":13,"column":42}},"line":13},"3":{"name":"(anonymous_3)","decl":{"start":{"line":20,"column":21},"end":{"line":20,"column":22}},"loc":{"start":{"line":20,"column":27},"end":{"line":20,"column":46}},"line":20},"4":{"name":"(anonymous_4)","decl":{"start":{"line":27,"column":21},"end":{"line":27,"column":22}},"loc":{"start":{"line":27,"column":27},"end":{"line":27,"column":48}},"line":27}},"branchMap":{},"s":{"0":5,"1":5,"2":1,"3":1,"4":1},"f":{"0":5,"1":5,"2":1,"3":1,"4":1},"b":{},"_coverageSchema":"1a1c01bbd47fc00a2c39e90264f33305004495a9","hash":"083722a926e9acacd11cc32d7aa0f01656851daa"}
,"/Users/yagneshmodh/Documents/projects/tsc-advance-1/src/context/todo.jsx": {"path":"/Users/yagneshmodh/Documents/projects/tsc-advance-1/src/context/todo.jsx","statementMap":{"0":{"start":{"line":3,"column":27},"end":{"line":3,"column":42}},"1":{"start":{"line":6,"column":10},"end":{"line":9,"column":3}},"2":{"start":{"line":12,"column":4},"end":{"line":12,"column":25}},"3":{"start":{"line":15,"column":13},"end":{"line":28,"column":3}},"4":{"start":{"line":16,"column":4},"end":{"line":27,"column":22}},"5":{"start":{"line":17,"column":16},"end":{"line":17,"column":48}},"6":{"start":{"line":19,"column":6},"end":{"line":21,"column":7}},"7":{"start":{"line":20,"column":8},"end":{"line":20,"column":60}},"8":{"start":{"line":23,"column":18},"end":{"line":23,"column":34}},"9":{"start":{"line":24,"column":19},"end":{"line":24,"column":35}},"10":{"start":{"line":26,"column":6},"end":{"line":26,"column":52}},"11":{"start":{"line":30,"column":12},"end":{"line":57,"column":3}},"12":{"start":{"line":31,"column":4},"end":{"line":56,"column":22}},"13":{"start":{"line":32,"column":18},"end":{"line":45,"column":7}},"14":{"start":{"line":46,"column":19},"end":{"line":46,"column":35}},"15":{"start":{"line":48,"column":6},"end":{"line":55,"column":8}},"16":{"start":{"line":49,"column":27},"end":{"line":51,"column":9}},"17":{"start":{"line":53,"column":10},"end":{"line":53,"column":30}},"18":{"start":{"line":59,"column":19},"end":{"line":91,"column":3}},"19":{"start":{"line":60,"column":4},"end":{"line":90,"column":22}},"20":{"start":{"line":61,"column":18},"end":{"line":74,"column":7}},"21":{"start":{"line":76,"column":19},"end":{"line":76,"column":35}},"22":{"start":{"line":78,"column":6},"end":{"line":89,"column":9}},"23":{"start":{"line":79,"column":22},"end":{"line":81,"column":9}},"24":{"start":{"line":80,"column":15},"end":{"line":80,"column":31}},"25":{"start":{"line":82,"column":8},"end":{"line":88,"column":10}},"26":{"start":{"line":93,"column":15},"end":{"line":111,"column":3}},"27":{"start":{"line":94,"column":4},"end":{"line":110,"column":22}},"28":{"start":{"line":95,"column":6},"end":{"line":97,"column":9}},"29":{"start":{"line":99,"column":6},"end":{"line":109,"column":9}},"30":{"start":{"line":100,"column":22},"end":{"line":102,"column":9}},"31":{"start":{"line":101,"column":18},"end":{"line":101,"column":32}},"32":{"start":{"line":103,"column":8},"end":{"line":108,"column":10}},"33":{"start":{"line":114,"column":25},"end":{"line":114,"column":35}},"34":{"start":{"line":115,"column":37},"end":{"line":115,"column":47}},"35":{"start":{"line":116,"column":4},"end":{"line":128,"column":6}}},"fnMap":{"0":{"name":"(anonymous_0)","decl":{"start":{"line":11,"column":2},"end":{"line":11,"column":3}},"loc":{"start":{"line":11,"column":22},"end":{"line":13,"column":3}},"line":11},"1":{"name":"(anonymous_1)","decl":{"start":{"line":15,"column":13},"end":{"line":15,"column":14}},"loc":{"start":{"line":15,"column":33},"end":{"line":28,"column":3}},"line":15},"2":{"name":"(anonymous_2)","decl":{"start":{"line":30,"column":12},"end":{"line":30,"column":13}},"loc":{"start":{"line":30,"column":39},"end":{"line":57,"column":3}},"line":30},"3":{"name":"(anonymous_3)","decl":{"start":{"line":49,"column":8},"end":{"line":49,"column":9}},"loc":{"start":{"line":49,"column":27},"end":{"line":51,"column":9}},"line":49},"4":{"name":"(anonymous_4)","decl":{"start":{"line":52,"column":8},"end":{"line":52,"column":9}},"loc":{"start":{"line":52,"column":14},"end":{"line":54,"column":9}},"line":52},"5":{"name":"(anonymous_5)","decl":{"start":{"line":59,"column":19},"end":{"line":59,"column":20}},"loc":{"start":{"line":59,"column":33},"end":{"line":91,"column":3}},"line":59},"6":{"name":"(anonymous_6)","decl":{"start":{"line":78,"column":20},"end":{"line":78,"column":21}},"loc":{"start":{"line":78,"column":38},"end":{"line":89,"column":7}},"line":78},"7":{"name":"(anonymous_7)","decl":{"start":{"line":80,"column":10},"end":{"line":80,"column":11}},"loc":{"start":{"line":80,"column":15},"end":{"line":80,"column":31}},"line":80},"8":{"name":"(anonymous_8)","decl":{"start":{"line":93,"column":15},"end":{"line":93,"column":16}},"loc":{"start":{"line":93,"column":27},"end":{"line":111,"column":3}},"line":93},"9":{"name":"(anonymous_9)","decl":{"start":{"line":99,"column":20},"end":{"line":99,"column":21}},"loc":{"start":{"line":99,"column":38},"end":{"line":109,"column":7}},"line":99},"10":{"name":"(anonymous_10)","decl":{"start":{"line":101,"column":10},"end":{"line":101,"column":11}},"loc":{"start":{"line":101,"column":18},"end":{"line":101,"column":32}},"line":101},"11":{"name":"(anonymous_11)","decl":{"start":{"line":113,"column":2},"end":{"line":113,"column":3}},"loc":{"start":{"line":113,"column":11},"end":{"line":129,"column":3}},"line":113}},"branchMap":{"0":{"loc":{"start":{"line":19,"column":6},"end":{"line":21,"column":7}},"type":"if","locations":[{"start":{"line":19,"column":6},"end":{"line":21,"column":7}},{"start":{},"end":{}}],"line":19}},"s":{"0":1,"1":2,"2":2,"3":2,"4":2,"5":2,"6":2,"7":0,"8":2,"9":0,"10":0,"11":2,"12":0,"13":0,"14":0,"15":0,"16":0,"17":0,"18":2,"19":0,"20":0,"21":0,"22":0,"23":0,"24":0,"25":0,"26":2,"27":0,"28":0,"29":0,"30":0,"31":0,"32":0,"33":2,"34":2,"35":2},"f":{"0":2,"1":2,"2":0,"3":0,"4":0,"5":0,"6":0,"7":0,"8":0,"9":0,"10":0,"11":2},"b":{"0":[0,2]},"_coverageSchema":"1a1c01bbd47fc00a2c39e90264f33305004495a9","hash":"4cf0568a4e1ec694b19ad89257201ed75c361ea2"}
}
