TN:
SF:src/todoFilter.jsx
FN:4,TodoFilter
FN:7,(anonymous_1)
FN:13,(anonymous_2)
FN:20,(anonymous_3)
FN:27,(anonymous_4)
FNF:5
FNH:5
FNDA:5,TodoFilter
FNDA:5,(anonymous_1)
FNDA:1,(anonymous_2)
FNDA:1,(anonymous_3)
FNDA:1,(anonymous_4)
DA:5,5
DA:8,5
DA:13,1
DA:20,1
DA:27,1
LF:5
LH:5
BRF:0
BRH:0
end_of_record
TN:
SF:src/context/todo.jsx
FN:11,(anonymous_0)
FN:15,(anonymous_1)
FN:30,(anonymous_2)
FN:49,(anonymous_3)
FN:52,(anonymous_4)
FN:59,(anonymous_5)
FN:78,(anonymous_6)
FN:80,(anonymous_7)
FN:93,(anonymous_8)
FN:99,(anonymous_9)
FN:101,(anonymous_10)
FN:113,(anonymous_11)
FNF:12
FNH:3
FNDA:2,(anonymous_0)
FNDA:2,(anonymous_1)
FNDA:0,(anonymous_2)
FNDA:0,(anonymous_3)
FNDA:0,(anonymous_4)
FNDA:0,(anonymous_5)
FNDA:0,(anonymous_6)
FNDA:0,(anonymous_7)
FNDA:0,(anonymous_8)
FNDA:0,(anonymous_9)
FNDA:0,(anonymous_10)
FNDA:2,(anonymous_11)
DA:3,1
DA:6,2
DA:12,2
DA:15,2
DA:16,2
DA:17,2
DA:19,2
DA:20,0
DA:23,2
DA:24,0
DA:26,0
DA:30,2
DA:31,0
DA:32,0
DA:46,0
DA:48,0
DA:49,0
DA:53,0
DA:59,2
DA:60,0
DA:61,0
DA:76,0
DA:78,0
DA:79,0
DA:80,0
DA:82,0
DA:93,2
DA:94,0
DA:95,0
DA:99,0
DA:100,0
DA:101,0
DA:103,0
DA:114,2
DA:115,2
DA:116,2
LF:36
LH:14
BRDA:19,0,0,0
BRDA:19,0,1,2
BRF:2
BRH:1
end_of_record
